<?xml version="1.0" encoding="UTF-8"?>
<testng-results skipped="0" failed="0" total="1" passed="1">
  <reporter-output>
  </reporter-output>
  <suite name="Suite" duration-ms="15849" started-at="2019-07-18T08:43:58Z" finished-at="2019-07-18T08:44:14Z">
    <groups>
    </groups>
    <test name="Test" duration-ms="15849" started-at="2019-07-18T08:43:58Z" finished-at="2019-07-18T08:44:14Z">
      <class name="Testcases.LoginTest">
        <test-method status="PASS" signature="init()[pri:0, instance:Testcases.LoginTest@457e2f02]" name="init" is-config="true" duration-ms="9773" started-at="2019-07-18T14:13:48Z" finished-at="2019-07-18T14:13:58Z">
          <reporter-output>
          </reporter-output>
        </test-method> <!-- init -->
        <test-method status="PASS" signature="login()[pri:0, instance:Testcases.LoginTest@457e2f02]" name="login" duration-ms="15822" started-at="2019-07-18T14:13:58Z" finished-at="2019-07-18T14:14:14Z">
          <reporter-output>
          </reporter-output>
        </test-method> <!-- login -->
        <test-method status="PASS" signature="CloseBrowser()[pri:0, instance:Testcases.LoginTest@457e2f02]" name="CloseBrowser" is-config="true" duration-ms="684" started-at="2019-07-18T14:14:14Z" finished-at="2019-07-18T14:14:14Z">
          <reporter-output>
          </reporter-output>
        </test-method> <!-- CloseBrowser -->
      </class> <!-- Testcases.LoginTest -->
    </test> <!-- Test -->
  </suite> <!-- Suite -->
</testng-results>
